     Creating library E:\Oculus Apps\OculusSDK\Samples\OculusWorldDemo\Projects\Windows\VS2017\..\..\..\Bin\Windows\Win32\Debug\VS2017\OculusWorldDemo.lib and object E:\Oculus Apps\OculusSDK\Samples\OculusWorldDemo\Projects\Windows\VS2017\..\..\..\Bin\Windows\Win32\Debug\VS2017\OculusWorldDemo.exp
  OculusWorldDemo.vcxproj -> E:\Oculus Apps\OculusSDK\Samples\OculusWorldDemo\Projects\Windows\VS2017\..\..\..\Bin\Windows\Win32\Debug\VS2017\OculusWorldDemo.exe
  E:\Oculus Apps\OculusSDK\Samples\OculusWorldDemo\Projects\Windows\VS2017\..\..\..\Assets\Tuscany\Bark.dds
  E:\Oculus Apps\OculusSDK\Samples\OculusWorldDemo\Projects\Windows\VS2017\..\..\..\Assets\Tuscany\Barrel.dds
  E:\Oculus Apps\OculusSDK\Samples\OculusWorldDemo\Projects\Windows\VS2017\..\..\..\Assets\Tuscany\Bench.dds
  E:\Oculus Apps\OculusSDK\Samples\OculusWorldDemo\Projects\Windows\VS2017\..\..\..\Assets\Tuscany\Book.dds
  E:\Oculus Apps\OculusSDK\Samples\OculusWorldDemo\Projects\Windows\VS2017\..\..\..\Assets\Tuscany\Chair1.dds
  E:\Oculus Apps\OculusSDK\Samples\OculusWorldDemo\Projects\Windows\VS2017\..\..\..\Assets\Tuscany\Chair2.dds
  E:\Oculus Apps\OculusSDK\Samples\OculusWorldDemo\Projects\Windows\VS2017\..\..\..\Assets\Tuscany\ChimneyBrick.dds
  E:\Oculus Apps\OculusSDK\Samples\OculusWorldDemo\Projects\Windows\VS2017\..\..\..\Assets\Tuscany\Concrete1.dds
  E:\Oculus Apps\OculusSDK\Samples\OculusWorldDemo\Projects\Windows\VS2017\..\..\..\Assets\Tuscany\Concrete2.dds
  E:\Oculus Apps\OculusSDK\Samples\OculusWorldDemo\Projects\Windows\VS2017\..\..\..\Assets\Tuscany\Distance Tree.dds
  E:\Oculus Apps\OculusSDK\Samples\OculusWorldDemo\Projects\Windows\VS2017\..\..\..\Assets\Tuscany\Distance1_c.dds
  E:\Oculus Apps\OculusSDK\Samples\OculusWorldDemo\Projects\Windows\VS2017\..\..\..\Assets\Tuscany\Distance2_c.dds
  E:\Oculus Apps\OculusSDK\Samples\OculusWorldDemo\Projects\Windows\VS2017\..\..\..\Assets\Tuscany\Distance3_c.dds
  E:\Oculus Apps\OculusSDK\Samples\OculusWorldDemo\Projects\Windows\VS2017\..\..\..\Assets\Tuscany\Distortion.dds
  E:\Oculus Apps\OculusSDK\Samples\OculusWorldDemo\Projects\Windows\VS2017\..\..\..\Assets\Tuscany\Distortion.xml
  E:\Oculus Apps\OculusSDK\Samples\OculusWorldDemo\Projects\Windows\VS2017\..\..\..\Assets\Tuscany\Distortion_White.dds
  E:\Oculus Apps\OculusSDK\Samples\OculusWorldDemo\Projects\Windows\VS2017\..\..\..\Assets\Tuscany\FireWood.dds
  E:\Oculus Apps\OculusSDK\Samples\OculusWorldDemo\Projects\Windows\VS2017\..\..\..\Assets\Tuscany\Floor.dds
  E:\Oculus Apps\OculusSDK\Samples\OculusWorldDemo\Projects\Windows\VS2017\..\..\..\Assets\Tuscany\Fountain.dds
  E:\Oculus Apps\OculusSDK\Samples\OculusWorldDemo\Projects\Windows\VS2017\..\..\..\Assets\Tuscany\HouseBack.dds
  E:\Oculus Apps\OculusSDK\Samples\OculusWorldDemo\Projects\Windows\VS2017\..\..\..\Assets\Tuscany\HouseFront.dds
  E:\Oculus Apps\OculusSDK\Samples\OculusWorldDemo\Projects\Windows\VS2017\..\..\..\Assets\Tuscany\HouseLeft.dds
  E:\Oculus Apps\OculusSDK\Samples\OculusWorldDemo\Projects\Windows\VS2017\..\..\..\Assets\Tuscany\HouseRight.dds
  E:\Oculus Apps\OculusSDK\Samples\OculusWorldDemo\Projects\Windows\VS2017\..\..\..\Assets\Tuscany\house_exteriorLightingMap.dds
  E:\Oculus Apps\OculusSDK\Samples\OculusWorldDemo\Projects\Windows\VS2017\..\..\..\Assets\Tuscany\House_InteriorLightingMap.dds
  E:\Oculus Apps\OculusSDK\Samples\OculusWorldDemo\Projects\Windows\VS2017\..\..\..\Assets\Tuscany\Hutch.dds
  E:\Oculus Apps\OculusSDK\Samples\OculusWorldDemo\Projects\Windows\VS2017\..\..\..\Assets\Tuscany\InteriorLeft.dds
  E:\Oculus Apps\OculusSDK\Samples\OculusWorldDemo\Projects\Windows\VS2017\..\..\..\Assets\Tuscany\IntertiorBack.dds
  E:\Oculus Apps\OculusSDK\Samples\OculusWorldDemo\Projects\Windows\VS2017\..\..\..\Assets\Tuscany\IntertiorFront.dds
  E:\Oculus Apps\OculusSDK\Samples\OculusWorldDemo\Projects\Windows\VS2017\..\..\..\Assets\Tuscany\Iron.dds
  E:\Oculus Apps\OculusSDK\Samples\OculusWorldDemo\Projects\Windows\VS2017\..\..\..\Assets\Tuscany\Leaves.dds
  E:\Oculus Apps\OculusSDK\Samples\OculusWorldDemo\Projects\Windows\VS2017\..\..\..\Assets\Tuscany\LeftController.xml
  E:\Oculus Apps\OculusSDK\Samples\OculusWorldDemo\Projects\Windows\VS2017\..\..\..\Assets\Tuscany\MetalRusty.dds
  E:\Oculus Apps\OculusSDK\Samples\OculusWorldDemo\Projects\Windows\VS2017\..\..\..\Assets\Tuscany\MossConcrete.dds
  E:\Oculus Apps\OculusSDK\Samples\OculusWorldDemo\Projects\Windows\VS2017\..\..\..\Assets\Tuscany\Ocean.dds
  E:\Oculus Apps\OculusSDK\Samples\OculusWorldDemo\Projects\Windows\VS2017\..\..\..\Assets\Tuscany\Picture1.dds
  E:\Oculus Apps\OculusSDK\Samples\OculusWorldDemo\Projects\Windows\VS2017\..\..\..\Assets\Tuscany\Picture2.dds
  E:\Oculus Apps\OculusSDK\Samples\OculusWorldDemo\Projects\Windows\VS2017\..\..\..\Assets\Tuscany\Picture3.dds
  E:\Oculus Apps\OculusSDK\Samples\OculusWorldDemo\Projects\Windows\VS2017\..\..\..\Assets\Tuscany\Props_ExteriorLightingMap.dds
  E:\Oculus Apps\OculusSDK\Samples\OculusWorldDemo\Projects\Windows\VS2017\..\..\..\Assets\Tuscany\Props_InteriorLightingMap.dds
  E:\Oculus Apps\OculusSDK\Samples\OculusWorldDemo\Projects\Windows\VS2017\..\..\..\Assets\Tuscany\Rocks.dds
  E:\Oculus Apps\OculusSDK\Samples\OculusWorldDemo\Projects\Windows\VS2017\..\..\..\Assets\Tuscany\RoofShingles.dds
  E:\Oculus Apps\OculusSDK\Samples\OculusWorldDemo\Projects\Windows\VS2017\..\..\..\Assets\Tuscany\Shutter.dds
  E:\Oculus Apps\OculusSDK\Samples\OculusWorldDemo\Projects\Windows\VS2017\..\..\..\Assets\Tuscany\Sky0_c.dds
  E:\Oculus Apps\OculusSDK\Samples\OculusWorldDemo\Projects\Windows\VS2017\..\..\..\Assets\Tuscany\Sky1_c.dds
  E:\Oculus Apps\OculusSDK\Samples\OculusWorldDemo\Projects\Windows\VS2017\..\..\..\Assets\Tuscany\Sky2_c.dds
  E:\Oculus Apps\OculusSDK\Samples\OculusWorldDemo\Projects\Windows\VS2017\..\..\..\Assets\Tuscany\Sky3_c.dds
  E:\Oculus Apps\OculusSDK\Samples\OculusWorldDemo\Projects\Windows\VS2017\..\..\..\Assets\Tuscany\Sky4_c.dds
  E:\Oculus Apps\OculusSDK\Samples\OculusWorldDemo\Projects\Windows\VS2017\..\..\..\Assets\Tuscany\Spore.dds
  E:\Oculus Apps\OculusSDK\Samples\OculusWorldDemo\Projects\Windows\VS2017\..\..\..\Assets\Tuscany\StoneWall.dds
  E:\Oculus Apps\OculusSDK\Samples\OculusWorldDemo\Projects\Windows\VS2017\..\..\..\Assets\Tuscany\Table1.dds
  E:\Oculus Apps\OculusSDK\Samples\OculusWorldDemo\Projects\Windows\VS2017\..\..\..\Assets\Tuscany\Table2.dds
  E:\Oculus Apps\OculusSDK\Samples\OculusWorldDemo\Projects\Windows\VS2017\..\..\..\Assets\Tuscany\Terrain Ground1.dds
  E:\Oculus Apps\OculusSDK\Samples\OculusWorldDemo\Projects\Windows\VS2017\..\..\..\Assets\Tuscany\Terrain Ground2.dds
  E:\Oculus Apps\OculusSDK\Samples\OculusWorldDemo\Projects\Windows\VS2017\..\..\..\Assets\Tuscany\Terrain Ground3.dds
  E:\Oculus Apps\OculusSDK\Samples\OculusWorldDemo\Projects\Windows\VS2017\..\..\..\Assets\Tuscany\Terrain_DistanceLightingMap.dds
  E:\Oculus Apps\OculusSDK\Samples\OculusWorldDemo\Projects\Windows\VS2017\..\..\..\Assets\Tuscany\Terrain_YardLightingMap.dds
  E:\Oculus Apps\OculusSDK\Samples\OculusWorldDemo\Projects\Windows\VS2017\..\..\..\Assets\Tuscany\Terrain_YardLightingMap_c.dds
  E:\Oculus Apps\OculusSDK\Samples\OculusWorldDemo\Projects\Windows\VS2017\..\..\..\Assets\Tuscany\TreeSkinny.dds
  E:\Oculus Apps\OculusSDK\Samples\OculusWorldDemo\Projects\Windows\VS2017\..\..\..\Assets\Tuscany\Tree_ TallLightingMap.dds
  E:\Oculus Apps\OculusSDK\Samples\OculusWorldDemo\Projects\Windows\VS2017\..\..\..\Assets\Tuscany\tree_A01LightingMap.dds
  E:\Oculus Apps\OculusSDK\Samples\OculusWorldDemo\Projects\Windows\VS2017\..\..\..\Assets\Tuscany\tree_A02LightingMap.dds
  E:\Oculus Apps\OculusSDK\Samples\OculusWorldDemo\Projects\Windows\VS2017\..\..\..\Assets\Tuscany\tree_A03LightingMap.dds
  E:\Oculus Apps\OculusSDK\Samples\OculusWorldDemo\Projects\Windows\VS2017\..\..\..\Assets\Tuscany\tree_BLightingMap.dds
  E:\Oculus Apps\OculusSDK\Samples\OculusWorldDemo\Projects\Windows\VS2017\..\..\..\Assets\Tuscany\tree_CLightingMap.dds
  E:\Oculus Apps\OculusSDK\Samples\OculusWorldDemo\Projects\Windows\VS2017\..\..\..\Assets\Tuscany\Tuscany.xml
  E:\Oculus Apps\OculusSDK\Samples\OculusWorldDemo\Projects\Windows\VS2017\..\..\..\Assets\Tuscany\Tuscany_Cockpit_Panel.dds
  E:\Oculus Apps\OculusSDK\Samples\OculusWorldDemo\Projects\Windows\VS2017\..\..\..\Assets\Tuscany\Tuscany_Cockpit_Panel.tga
  E:\Oculus Apps\OculusSDK\Samples\OculusWorldDemo\Projects\Windows\VS2017\..\..\..\Assets\Tuscany\Tuscany_Cubemap.dds
  E:\Oculus Apps\OculusSDK\Samples\OculusWorldDemo\Projects\Windows\VS2017\..\..\..\Assets\Tuscany\Tuscany_CubemapCompressed.dds
  E:\Oculus Apps\OculusSDK\Samples\OculusWorldDemo\Projects\Windows\VS2017\..\..\..\Assets\Tuscany\Tuscany_greenCube.tga
  E:\Oculus Apps\OculusSDK\Samples\OculusWorldDemo\Projects\Windows\VS2017\..\..\..\Assets\Tuscany\Tuscany_Grid.dds
  E:\Oculus Apps\OculusSDK\Samples\OculusWorldDemo\Projects\Windows\VS2017\..\..\..\Assets\Tuscany\Tuscany_LoadScreen.tga
  E:\Oculus Apps\OculusSDK\Samples\OculusWorldDemo\Projects\Windows\VS2017\..\..\..\Assets\Tuscany\Tuscany_OculusCube.tga
  E:\Oculus Apps\OculusSDK\Samples\OculusWorldDemo\Projects\Windows\VS2017\..\..\..\Assets\Tuscany\Tuscany_redCube.tga
  E:\Oculus Apps\OculusSDK\Samples\OculusWorldDemo\Projects\Windows\VS2017\..\..\..\Assets\Tuscany\Tuscany_SitFloorConcrete.tga
  E:\Oculus Apps\OculusSDK\Samples\OculusWorldDemo\Projects\Windows\VS2017\..\..\..\Assets\Tuscany\Tuscany_White.dds
  E:\Oculus Apps\OculusSDK\Samples\OculusWorldDemo\Projects\Windows\VS2017\..\..\..\Assets\Tuscany\Tuscany_yellowCube.tga
  E:\Oculus Apps\OculusSDK\Samples\OculusWorldDemo\Projects\Windows\VS2017\..\..\..\Assets\Tuscany\Vase.dds
  E:\Oculus Apps\OculusSDK\Samples\OculusWorldDemo\Projects\Windows\VS2017\..\..\..\Assets\Tuscany\VaseLightingMap.dds
  E:\Oculus Apps\OculusSDK\Samples\OculusWorldDemo\Projects\Windows\VS2017\..\..\..\Assets\Tuscany\Village Houses.dds
  E:\Oculus Apps\OculusSDK\Samples\OculusWorldDemo\Projects\Windows\VS2017\..\..\..\Assets\Tuscany\VillageLightingMap.dds
  E:\Oculus Apps\OculusSDK\Samples\OculusWorldDemo\Projects\Windows\VS2017\..\..\..\Assets\Tuscany\Window.dds
  E:\Oculus Apps\OculusSDK\Samples\OculusWorldDemo\Projects\Windows\VS2017\..\..\..\Assets\Tuscany\WoodPlanks.dds
  E:\Oculus Apps\OculusSDK\Samples\OculusWorldDemo\Projects\Windows\VS2017\..\..\..\Assets\Tuscany\WoodPlanksSmall.dds
  E:\Oculus Apps\OculusSDK\Samples\OculusWorldDemo\Projects\Windows\VS2017\..\..\..\Assets\Tuscany\Yard1.dds
  E:\Oculus Apps\OculusSDK\Samples\OculusWorldDemo\Projects\Windows\VS2017\..\..\..\Assets\Tuscany\Yard2.dds
  E:\Oculus Apps\OculusSDK\Samples\OculusWorldDemo\Projects\Windows\VS2017\..\..\..\Assets\Tuscany\Yard3.dds
  E:\Oculus Apps\OculusSDK\Samples\OculusWorldDemo\Projects\Windows\VS2017\..\..\..\Assets\Tuscany\Yard_Patio1.dds
  E:\Oculus Apps\OculusSDK\Samples\OculusWorldDemo\Projects\Windows\VS2017\..\..\..\Assets\Tuscany\Yard_Patio2.dds
  E:\Oculus Apps\OculusSDK\Samples\OculusWorldDemo\Projects\Windows\VS2017\..\..\..\Assets\Tuscany\Yard_Plain.dds
  91 File(s) copied
  E:\Oculus Apps\OculusSDK\Samples\OculusWorldDemo\Projects\Windows\VS2017\..\..\..\..\..\3rdParty\Windows Kits\8.1\Redist\D3D\x86\d3dcompiler_47.dll
  1 File(s) copied
